<?xml version="1.0" encoding="UTF-8"?>
<!-- Generated by org.testng.reporters.JUnitXMLReporter -->
<testsuite ignored="0" hostname="Satishs-MacBook-Air.local" failures="1" tests="11" name="Test" time="31.656" errors="0" timestamp="2020-04-25T18:55:00 EDT">
  <testcase classname="com.mystore.tests.home.DeleteProduct" name="addproduct" time="0.145"/>
  <testcase classname="com.mystore.tests.home.DeleteProduct" name="addproduct" time="0.037"/>
  <testcase classname="com.mystore.tests.home.DeleteProduct" name="addproduct" time="0.036"/>
  <testcase classname="com.mystore.tests.home.DeleteProduct" name="addproduct" time="0.036"/>
  <testcase classname="com.mystore.tests.home.DeleteProduct" name="addproduct" time="0.035"/>
  <testcase classname="com.mystore.tests.home.DeleteProduct" name="addproduct" time="0.036"/>
  <testcase classname="com.mystore.tests.home.DeleteProduct" name="addproduct" time="0.046"/>
  <testcase classname="com.mystore.tests.home.DeleteProduct" name="addproduct" time="0.037"/>
  <testcase classname="com.mystore.tests.home.DeleteProduct" name="addproduct" time="0.035"/>
  <testcase classname="com.mystore.tests.home.DeleteProduct" name="addproduct" time="0.036"/>
  <testcase classname="com.mystore.tests.home.DeleteProduct" name="deleteOneProduct" time="0.0">
    <failure type="org.testng.TestNGException" message="
Cannot inject @Test annotated Method [deleteOneProduct] with [class java.lang.String].
For more information on native dependency injection please refer to http://testng.org/doc/documentation-main.html#native-dependency-injection">
      <![CDATA[org.testng.TestNGException: 
Cannot inject @Test annotated Method [deleteOneProduct] with [class java.lang.String].
For more information on native dependency injection please refer to http://testng.org/doc/documentation-main.html#native-dependency-injection
at java.base/java.util.ArrayList.forEach(ArrayList.java:1540)
... Removed 26 stack frames]]>
    </failure>
  </testcase> <!-- deleteOneProduct -->
</testsuite> <!-- Test -->
